# JRE version: OpenJDK Runtime Environment (17.0.11) (build 17.0.11+0--11852314)
# Java VM: OpenJDK 64-Bit Server VM (17.0.11+0--11852314, mixed mode, tiered, compressed oops, compressed class ptrs, g1 gc, windows-amd64)
GC Precious Log:
 CPUs: 12 total, 12 available
 Memory: 5828M
 Large Page Support: Disabled
 NUMA Support: Disabled
 Compressed Oops: Enabled (32-bit)
 Heap Region Size: 1M
 Heap Min Capacity: 8M
 Heap Initial Capacity: 92M
 Heap Max Capacity: 2G
 Pre-touch: Disabled
 Parallel Workers: 10
 Concurrent Workers: 3
 Concurrent Refinement Workers: 10
 Periodic GC: Disabled
Heap:
 garbage-first heap   total 276480K, used 228284K [0x0000000080000000, 0x0000000100000000)
  region size 1024K, 21 young (21504K), 6 survivors (6144K)
 Metaspace       used 158267K, committed 159232K, reserved 1245184K
  class space    used 20828K, committed 21312K, reserved 1048576K
GC Heap History (20 events):
Event: 13.751 GC heap after
{Heap after GC invocations=46 (full 0):
 garbage-first heap   total 276480K, used 151797K [0x0000000080000000, 0x0000000100000000)
  region size 1024K, 7 young (7168K), 7 survivors (7168K)
 Metaspace       used 132829K, committed 133632K, reserved 1179648K
  class space    used 17403K, committed 17792K, reserved 1048576K
}
Event: 14.778 GC heap before
{Heap before GC invocations=47 (full 0):
 garbage-first heap   total 276480K, used 232693K [0x0000000080000000, 0x0000000100000000)
  region size 1024K, 83 young (84992K), 7 survivors (7168K)
 Metaspace       used 138090K, committed 138944K, reserved 1179648K
  class space    used 18139K, committed 18560K, reserved 1048576K
}
Event: 14.785 GC heap after
{Heap after GC invocations=48 (full 0):
 garbage-first heap   total 276480K, used 162883K [0x0000000080000000, 0x0000000100000000)
  region size 1024K, 8 young (8192K), 8 survivors (8192K)
 Metaspace       used 138090K, committed 138944K, reserved 1179648K
  class space    used 18139K, committed 18560K, reserved 1048576K
}
Event: 14.828 GC heap before
{Heap before GC invocations=48 (full 0):
 garbage-first heap   total 276480K, used 168003K [0x0000000080000000, 0x0000000100000000)
  region size 1024K, 13 young (13312K), 8 survivors (8192K)
 Metaspace       used 138093K, committed 138944K, reserved 1179648K
  class space    used 18139K, committed 18560K, reserved 1048576K
}
Event: 14.833 GC heap after
{Heap after GC invocations=49 (full 0):
 garbage-first heap   total 276480K, used 161525K [0x0000000080000000, 0x0000000100000000)
  region size 1024K, 2 young (2048K), 2 survivors (2048K)
 Metaspace       used 138093K, committed 138944K, reserved 1179648K
  class space    used 18139K, committed 18560K, reserved 1048576K
}
Event: 15.196 GC heap before
{Heap before GC invocations=49 (full 0):
 garbage-first heap   total 276480K, used 232181K [0x0000000080000000, 0x0000000100000000)
  region size 1024K, 70 young (71680K), 2 survivors (2048K)
 Metaspace       used 138535K, committed 139328K, reserved 1179648K
  class space    used 18164K, committed 18560K, reserved 1048576K
}
Event: 15.201 GC heap after
{Heap after GC invocations=50 (full 0):
 garbage-first heap   total 276480K, used 169984K [0x0000000080000000, 0x0000000100000000)
  region size 1024K, 9 young (9216K), 9 survivors (9216K)
 Metaspace       used 138535K, committed 139328K, reserved 1179648K
  class space    used 18164K, committed 18560K, reserved 1048576K
}
Event: 15.841 GC heap before
{Heap before GC invocations=50 (full 0):
 garbage-first heap   total 276480K, used 231424K [0x0000000080000000, 0x0000000100000000)
  region size 1024K, 69 young (70656K), 9 survivors (9216K)
 Metaspace       used 139807K, committed 140608K, reserved 1179648K
  class space    used 18243K, committed 18624K, reserved 1048576K
}
Event: 15.848 GC heap after
{Heap after GC invocations=51 (full 0):
 garbage-first heap   total 276480K, used 177463K [0x0000000080000000, 0x0000000100000000)
  region size 1024K, 8 young (8192K), 8 survivors (8192K)
 Metaspace       used 139807K, committed 140608K, reserved 1179648K
  class space    used 18243K, committed 18624K, reserved 1048576K
}
Event: 16.755 GC heap before
{Heap before GC invocations=51 (full 0):
 garbage-first heap   total 276480K, used 229687K [0x0000000080000000, 0x0000000100000000)
  region size 1024K, 60 young (61440K), 8 survivors (8192K)
 Metaspace       used 143880K, committed 144768K, reserved 1179648K
  class space    used 18579K, committed 19008K, reserved 1048576K
}
Event: 16.762 GC heap after
{Heap after GC invocations=52 (full 0):
 garbage-first heap   total 276480K, used 181617K [0x0000000080000000, 0x0000000100000000)
  region size 1024K, 4 young (4096K), 4 survivors (4096K)
 Metaspace       used 143880K, committed 144768K, reserved 1179648K
  class space    used 18579K, committed 19008K, reserved 1048576K
}
Event: 17.351 GC heap before
{Heap before GC invocations=52 (full 0):
 garbage-first heap   total 276480K, used 233841K [0x0000000080000000, 0x0000000100000000)
  region size 1024K, 55 young (56320K), 4 survivors (4096K)
 Metaspace       used 147302K, committed 148160K, reserved 1179648K
  class space    used 19187K, committed 19584K, reserved 1048576K
}
Event: 17.354 GC heap after
{Heap after GC invocations=53 (full 0):
 garbage-first heap   total 276480K, used 182879K [0x0000000080000000, 0x0000000100000000)
  region size 1024K, 6 young (6144K), 6 survivors (6144K)
 Metaspace       used 147302K, committed 148160K, reserved 1179648K
  class space    used 19187K, committed 19584K, reserved 1048576K
}
Event: 17.923 GC heap before
{Heap before GC invocations=53 (full 0):
 garbage-first heap   total 276480K, used 235103K [0x0000000080000000, 0x0000000100000000)
  region size 1024K, 57 young (58368K), 6 survivors (6144K)
 Metaspace       used 150772K, committed 151680K, reserved 1245184K
  class space    used 19739K, committed 20160K, reserved 1048576K
}
Event: 17.928 GC heap after
{Heap after GC invocations=54 (full 0):
 garbage-first heap   total 276480K, used 185215K [0x0000000080000000, 0x0000000100000000)
  region size 1024K, 5 young (5120K), 5 survivors (5120K)
 Metaspace       used 150772K, committed 151680K, reserved 1245184K
  class space    used 19739K, committed 20160K, reserved 1048576K
}
Event: 18.277 GC heap before
{Heap before GC invocations=54 (full 0):
 garbage-first heap   total 276480K, used 217983K [0x0000000080000000, 0x0000000100000000)
  region size 1024K, 28 young (28672K), 5 survivors (5120K)
 Metaspace       used 152582K, committed 153472K, reserved 1245184K
  class space    used 19985K, committed 20416K, reserved 1048576K
}
Event: 18.282 GC heap after
{Heap after GC invocations=55 (full 0):
 garbage-first heap   total 276480K, used 193211K [0x0000000080000000, 0x0000000100000000)
  region size 1024K, 7 young (7168K), 7 survivors (7168K)
 Metaspace       used 152582K, committed 153472K, reserved 1245184K
  class space    used 19985K, committed 20416K, reserved 1048576K
}
Event: 18.749 GC heap before
{Heap before GC invocations=55 (full 0):
 garbage-first heap   total 276480K, used 240315K [0x0000000080000000, 0x0000000100000000)
  region size 1024K, 49 young (50176K), 7 survivors (7168K)
 Metaspace       used 156702K, committed 157632K, reserved 1245184K
  class space    used 20625K, committed 21056K, reserved 1048576K
}
Event: 18.758 GC heap after
{Heap after GC invocations=56 (full 0):
 garbage-first heap   total 276480K, used 200739K [0x0000000080000000, 0x0000000100000000)
  region size 1024K, 7 young (7168K), 7 survivors (7168K)
 Metaspace       used 156702K, committed 157632K, reserved 1245184K
  class space    used 20625K, committed 21056K, reserved 1048576K
}
Event: 18.965 GC heap before
{Heap before GC invocations=56 (full 0):
 garbage-first heap   total 276480K, used 241699K [0x0000000080000000, 0x0000000100000000)
  region size 1024K, 44 young (45056K), 7 survivors (7168K)
 Metaspace       used 158267K, committed 159232K, reserved 1245184K
  class space    used 20828K, committed 21312K, reserved 1048576K
}

