# JRE version: OpenJDK Runtime Environment (17.0.11) (build 17.0.11+0--11852314)
# Java VM: OpenJDK 64-Bit Server VM (17.0.11+0--11852314, mixed mode, tiered, compressed oops, compressed class ptrs, g1 gc, windows-amd64)
GC Precious Log:
 CPUs: 12 total, 12 available
 Memory: 5828M
 Large Page Support: Disabled
 NUMA Support: Disabled
 Compressed Oops: Enabled (32-bit)
 Heap Region Size: 1M
 Heap Min Capacity: 8M
 Heap Initial Capacity: 92M
 Heap Max Capacity: 2G
 Pre-touch: Disabled
 Parallel Workers: 10
 Concurrent Workers: 3
 Concurrent Refinement Workers: 10
 Periodic GC: Disabled
Heap:
 garbage-first heap   total 270336K, used 202753K [0x0000000080000000, 0x0000000100000000)
  region size 1024K, 20 young (20480K), 6 survivors (6144K)
 Metaspace       used 101157K, committed 102016K, reserved 1179648K
  class space    used 14041K, committed 14400K, reserved 1048576K
GC Heap History (20 events):
Event: 12.095 GC heap before
{Heap before GC invocations=58 (full 0):
 garbage-first heap   total 189440K, used 165867K [0x0000000080000000, 0x0000000100000000)
  region size 1024K, 30 young (30720K), 3 survivors (3072K)
 Metaspace       used 101069K, committed 101888K, reserved 1179648K
  class space    used 14025K, committed 14400K, reserved 1048576K
}
Event: 12.100 GC heap after
{Heap after GC invocations=59 (full 0):
 garbage-first heap   total 270336K, used 141784K [0x0000000080000000, 0x0000000100000000)
  region size 1024K, 4 young (4096K), 4 survivors (4096K)
 Metaspace       used 101069K, committed 101888K, reserved 1179648K
  class space    used 14025K, committed 14400K, reserved 1048576K
}
Event: 13.135 GC heap before
{Heap before GC invocations=60 (full 0):
 garbage-first heap   total 270336K, used 216536K [0x0000000080000000, 0x0000000100000000)
  region size 1024K, 78 young (79872K), 4 survivors (4096K)
 Metaspace       used 101111K, committed 101952K, reserved 1179648K
  class space    used 14030K, committed 14400K, reserved 1048576K
}
Event: 13.146 GC heap after
{Heap after GC invocations=61 (full 0):
 garbage-first heap   total 270336K, used 156078K [0x0000000080000000, 0x0000000100000000)
  region size 1024K, 10 young (10240K), 10 survivors (10240K)
 Metaspace       used 101111K, committed 101952K, reserved 1179648K
  class space    used 14030K, committed 14400K, reserved 1048576K
}
Event: 13.204 GC heap before
{Heap before GC invocations=61 (full 0):
 garbage-first heap   total 270336K, used 159150K [0x0000000080000000, 0x0000000100000000)
  region size 1024K, 13 young (13312K), 10 survivors (10240K)
 Metaspace       used 101111K, committed 101952K, reserved 1179648K
  class space    used 14030K, committed 14400K, reserved 1048576K
}
Event: 13.208 GC heap after
{Heap after GC invocations=62 (full 0):
 garbage-first heap   total 270336K, used 158021K [0x0000000080000000, 0x0000000100000000)
  region size 1024K, 2 young (2048K), 2 survivors (2048K)
 Metaspace       used 101111K, committed 101952K, reserved 1179648K
  class space    used 14030K, committed 14400K, reserved 1048576K
}
Event: 13.920 GC heap before
{Heap before GC invocations=62 (full 0):
 garbage-first heap   total 270336K, used 211269K [0x0000000080000000, 0x0000000100000000)
  region size 1024K, 54 young (55296K), 2 survivors (2048K)
 Metaspace       used 101113K, committed 101952K, reserved 1179648K
  class space    used 14030K, committed 14400K, reserved 1048576K
}
Event: 13.922 GC heap after
{Heap after GC invocations=63 (full 0):
 garbage-first heap   total 270336K, used 160123K [0x0000000080000000, 0x0000000100000000)
  region size 1024K, 5 young (5120K), 5 survivors (5120K)
 Metaspace       used 101113K, committed 101952K, reserved 1179648K
  class space    used 14030K, committed 14400K, reserved 1048576K
}
Event: 14.700 GC heap before
{Heap before GC invocations=63 (full 0):
 garbage-first heap   total 270336K, used 215419K [0x0000000080000000, 0x0000000100000000)
  region size 1024K, 59 young (60416K), 5 survivors (5120K)
 Metaspace       used 101113K, committed 101952K, reserved 1179648K
  class space    used 14030K, committed 14400K, reserved 1048576K
}
Event: 14.703 GC heap after
{Heap after GC invocations=64 (full 0):
 garbage-first heap   total 270336K, used 161883K [0x0000000080000000, 0x0000000100000000)
  region size 1024K, 6 young (6144K), 6 survivors (6144K)
 Metaspace       used 101113K, committed 101952K, reserved 1179648K
  class space    used 14030K, committed 14400K, reserved 1048576K
}
Event: 15.569 GC heap before
{Heap before GC invocations=64 (full 0):
 garbage-first heap   total 270336K, used 219227K [0x0000000080000000, 0x0000000100000000)
  region size 1024K, 62 young (63488K), 6 survivors (6144K)
 Metaspace       used 101113K, committed 101952K, reserved 1179648K
  class space    used 14030K, committed 14400K, reserved 1048576K
}
Event: 15.573 GC heap after
{Heap after GC invocations=65 (full 0):
 garbage-first heap   total 270336K, used 163842K [0x0000000080000000, 0x0000000100000000)
  region size 1024K, 6 young (6144K), 6 survivors (6144K)
 Metaspace       used 101113K, committed 101952K, reserved 1179648K
  class space    used 14030K, committed 14400K, reserved 1048576K
}
Event: 16.745 GC heap before
{Heap before GC invocations=65 (full 0):
 garbage-first heap   total 270336K, used 222210K [0x0000000080000000, 0x0000000100000000)
  region size 1024K, 63 young (64512K), 6 survivors (6144K)
 Metaspace       used 101116K, committed 101952K, reserved 1179648K
  class space    used 14030K, committed 14400K, reserved 1048576K
}
Event: 16.749 GC heap after
{Heap after GC invocations=66 (full 0):
 garbage-first heap   total 270336K, used 165596K [0x0000000080000000, 0x0000000100000000)
  region size 1024K, 6 young (6144K), 6 survivors (6144K)
 Metaspace       used 101116K, committed 101952K, reserved 1179648K
  class space    used 14030K, committed 14400K, reserved 1048576K
}
Event: 17.340 GC heap before
{Heap before GC invocations=66 (full 0):
 garbage-first heap   total 270336K, used 223964K [0x0000000080000000, 0x0000000100000000)
  region size 1024K, 63 young (64512K), 6 survivors (6144K)
 Metaspace       used 101116K, committed 101952K, reserved 1179648K
  class space    used 14030K, committed 14400K, reserved 1048576K
}
Event: 17.343 GC heap after
{Heap after GC invocations=67 (full 0):
 garbage-first heap   total 270336K, used 167766K [0x0000000080000000, 0x0000000100000000)
  region size 1024K, 5 young (5120K), 5 survivors (5120K)
 Metaspace       used 101116K, committed 101952K, reserved 1179648K
  class space    used 14030K, committed 14400K, reserved 1048576K
}
Event: 17.908 GC heap before
{Heap before GC invocations=67 (full 0):
 garbage-first heap   total 270336K, used 225110K [0x0000000080000000, 0x0000000100000000)
  region size 1024K, 61 young (62464K), 5 survivors (5120K)
 Metaspace       used 101117K, committed 101952K, reserved 1179648K
  class space    used 14030K, committed 14400K, reserved 1048576K
}
Event: 17.912 GC heap after
{Heap after GC invocations=68 (full 0):
 garbage-first heap   total 270336K, used 169429K [0x0000000080000000, 0x0000000100000000)
  region size 1024K, 6 young (6144K), 6 survivors (6144K)
 Metaspace       used 101117K, committed 101952K, reserved 1179648K
  class space    used 14030K, committed 14400K, reserved 1048576K
}
Event: 18.355 GC heap before
{Heap before GC invocations=68 (full 0):
 garbage-first heap   total 270336K, used 226773K [0x0000000080000000, 0x0000000100000000)
  region size 1024K, 47 young (48128K), 6 survivors (6144K)
 Metaspace       used 101155K, committed 102016K, reserved 1179648K
  class space    used 14041K, committed 14400K, reserved 1048576K
}
Event: 18.361 GC heap after
{Heap after GC invocations=69 (full 0):
 garbage-first heap   total 270336K, used 187393K [0x0000000080000000, 0x0000000100000000)
  region size 1024K, 6 young (6144K), 6 survivors (6144K)
 Metaspace       used 101155K, committed 102016K, reserved 1179648K
  class space    used 14041K, committed 14400K, reserved 1048576K
}

