# JRE version: OpenJDK Runtime Environment (17.0.11) (build 17.0.11+0--11852314)
# Java VM: OpenJDK 64-Bit Server VM (17.0.11+0--11852314, mixed mode, tiered, compressed oops, compressed class ptrs, g1 gc, windows-amd64)
GC Precious Log:
 CPUs: 12 total, 12 available
 Memory: 5828M
 Large Page Support: Disabled
 NUMA Support: Disabled
 Compressed Oops: Enabled (32-bit)
 Heap Region Size: 1M
 Heap Min Capacity: 8M
 Heap Initial Capacity: 92M
 Heap Max Capacity: 2G
 Pre-touch: Disabled
 Parallel Workers: 10
 Concurrent Workers: 3
 Concurrent Refinement Workers: 10
 Periodic GC: Disabled
Heap:
 garbage-first heap   total 536576K, used 290144K [0x0000000080000000, 0x0000000100000000)
  region size 1024K, 46 young (47104K), 4 survivors (4096K)
 Metaspace       used 150933K, committed 152192K, reserved 1179648K
  class space    used 21105K, committed 21760K, reserved 1048576K
GC Heap History (20 events):
Event: 12.109 GC heap before
{Heap before GC invocations=63 (full 0):
 garbage-first heap   total 268288K, used 161102K [0x0000000080000000, 0x0000000100000000)
  region size 1024K, 13 young (13312K), 4 survivors (4096K)
 Metaspace       used 99723K, committed 100544K, reserved 1179648K
  class space    used 13854K, committed 14208K, reserved 1048576K
}
Event: 12.113 GC heap after
{Heap after GC invocations=64 (full 0):
 garbage-first heap   total 268288K, used 154624K [0x0000000080000000, 0x0000000100000000)
  region size 1024K, 2 young (2048K), 2 survivors (2048K)
 Metaspace       used 99723K, committed 100544K, reserved 1179648K
  class space    used 13854K, committed 14208K, reserved 1048576K
}
Event: 13.048 GC heap before
{Heap before GC invocations=64 (full 0):
 garbage-first heap   total 268288K, used 207872K [0x0000000080000000, 0x0000000100000000)
  region size 1024K, 54 young (55296K), 2 survivors (2048K)
 Metaspace       used 99791K, committed 100608K, reserved 1179648K
  class space    used 13866K, committed 14208K, reserved 1048576K
}
Event: 13.053 GC heap after
{Heap after GC invocations=65 (full 0):
 garbage-first heap   total 536576K, used 156720K [0x0000000080000000, 0x0000000100000000)
  region size 1024K, 5 young (5120K), 5 survivors (5120K)
 Metaspace       used 99791K, committed 100608K, reserved 1179648K
  class space    used 13866K, committed 14208K, reserved 1048576K
}
Event: 16.429 GC heap before
{Heap before GC invocations=65 (full 0):
 garbage-first heap   total 536576K, used 389168K [0x0000000080000000, 0x0000000100000000)
  region size 1024K, 232 young (237568K), 5 survivors (5120K)
 Metaspace       used 99794K, committed 100608K, reserved 1179648K
  class space    used 13866K, committed 14208K, reserved 1048576K
}
Event: 16.436 GC heap after
{Heap after GC invocations=66 (full 0):
 garbage-first heap   total 536576K, used 164200K [0x0000000080000000, 0x0000000100000000)
  region size 1024K, 12 young (12288K), 12 survivors (12288K)
 Metaspace       used 99794K, committed 100608K, reserved 1179648K
  class space    used 13866K, committed 14208K, reserved 1048576K
}
Event: 19.187 GC heap before
{Heap before GC invocations=66 (full 0):
 garbage-first heap   total 536576K, used 438632K [0x0000000080000000, 0x0000000100000000)
  region size 1024K, 261 young (267264K), 12 survivors (12288K)
 Metaspace       used 110301K, committed 111168K, reserved 1179648K
  class space    used 15228K, committed 15616K, reserved 1048576K
}
Event: 19.200 GC heap after
{Heap after GC invocations=67 (full 0):
 garbage-first heap   total 536576K, used 181167K [0x0000000080000000, 0x0000000100000000)
  region size 1024K, 28 young (28672K), 28 survivors (28672K)
 Metaspace       used 110301K, committed 111168K, reserved 1179648K
  class space    used 15228K, committed 15616K, reserved 1048576K
}
Event: 21.172 GC heap before
{Heap before GC invocations=67 (full 0):
 garbage-first heap   total 536576K, used 432047K [0x0000000080000000, 0x0000000100000000)
  region size 1024K, 268 young (274432K), 28 survivors (28672K)
 Metaspace       used 118629K, committed 119552K, reserved 1179648K
  class space    used 16059K, committed 16512K, reserved 1048576K
}
Event: 21.232 GC heap after
{Heap after GC invocations=68 (full 0):
 garbage-first heap   total 536576K, used 199319K [0x0000000080000000, 0x0000000100000000)
  region size 1024K, 21 young (21504K), 21 survivors (21504K)
 Metaspace       used 118629K, committed 119552K, reserved 1179648K
  class space    used 16059K, committed 16512K, reserved 1048576K
}
Event: 61.366 GC heap before
{Heap before GC invocations=68 (full 0):
 garbage-first heap   total 536576K, used 426647K [0x0000000080000000, 0x0000000100000000)
  region size 1024K, 244 young (249856K), 21 survivors (21504K)
 Metaspace       used 123341K, committed 124416K, reserved 1179648K
  class space    used 16655K, committed 17216K, reserved 1048576K
}
Event: 61.510 GC heap after
{Heap after GC invocations=69 (full 0):
 garbage-first heap   total 536576K, used 217572K [0x0000000080000000, 0x0000000100000000)
  region size 1024K, 21 young (21504K), 21 survivors (21504K)
 Metaspace       used 123341K, committed 124416K, reserved 1179648K
  class space    used 16655K, committed 17216K, reserved 1048576K
}
Event: 72.728 GC heap before
{Heap before GC invocations=69 (full 0):
 garbage-first heap   total 536576K, used 428516K [0x0000000080000000, 0x0000000100000000)
  region size 1024K, 228 young (233472K), 21 survivors (21504K)
 Metaspace       used 126500K, committed 127680K, reserved 1179648K
  class space    used 17148K, committed 17728K, reserved 1048576K
}
Event: 72.799 GC heap after
{Heap after GC invocations=70 (full 0):
 garbage-first heap   total 536576K, used 228729K [0x0000000080000000, 0x0000000100000000)
  region size 1024K, 14 young (14336K), 14 survivors (14336K)
 Metaspace       used 126500K, committed 127680K, reserved 1179648K
  class space    used 17148K, committed 17728K, reserved 1048576K
}
Event: 75.204 GC heap before
{Heap before GC invocations=70 (full 0):
 garbage-first heap   total 536576K, used 433529K [0x0000000080000000, 0x0000000100000000)
  region size 1024K, 215 young (220160K), 14 survivors (14336K)
 Metaspace       used 142740K, committed 144000K, reserved 1179648K
  class space    used 19876K, committed 20480K, reserved 1048576K
}
Event: 75.246 GC heap after
{Heap after GC invocations=71 (full 0):
 garbage-first heap   total 536576K, used 241653K [0x0000000080000000, 0x0000000100000000)
  region size 1024K, 26 young (26624K), 26 survivors (26624K)
 Metaspace       used 142740K, committed 144000K, reserved 1179648K
  class space    used 19876K, committed 20480K, reserved 1048576K
}
Event: 430.965 GC heap before
{Heap before GC invocations=71 (full 0):
 garbage-first heap   total 536576K, used 458741K [0x0000000080000000, 0x0000000100000000)
  region size 1024K, 217 young (222208K), 26 survivors (26624K)
 Metaspace       used 150641K, committed 151936K, reserved 1179648K
  class space    used 21101K, committed 21760K, reserved 1048576K
}
Event: 432.090 GC heap after
{Heap after GC invocations=72 (full 0):
 garbage-first heap   total 536576K, used 245766K [0x0000000080000000, 0x0000000100000000)
  region size 1024K, 19 young (19456K), 19 survivors (19456K)
 Metaspace       used 150641K, committed 151936K, reserved 1179648K
  class space    used 21101K, committed 21760K, reserved 1048576K
}
Event: 432.563 GC heap before
{Heap before GC invocations=72 (full 0):
 garbage-first heap   total 536576K, used 251910K [0x0000000080000000, 0x0000000100000000)
  region size 1024K, 26 young (26624K), 19 survivors (19456K)
 Metaspace       used 150655K, committed 151936K, reserved 1179648K
  class space    used 21101K, committed 21760K, reserved 1048576K
}
Event: 432.680 GC heap after
{Heap after GC invocations=73 (full 0):
 garbage-first heap   total 536576K, used 248160K [0x0000000080000000, 0x0000000100000000)
  region size 1024K, 4 young (4096K), 4 survivors (4096K)
 Metaspace       used 150655K, committed 151936K, reserved 1179648K
  class space    used 21101K, committed 21760K, reserved 1048576K
}

