# JRE version: Java(TM) SE Runtime Environment (17.0.11+7) (build 17.0.11+7-LTS-207)
# Java VM: Java HotSpot(TM) 64-Bit Server VM (17.0.11+7-LTS-207, mixed mode, sharing, tiered, compressed oops, compressed class ptrs, g1 gc, windows-amd64)
GC Precious Log:
 CPUs: 12 total, 12 available
 Memory: 5828M
 Large Page Support: Disabled
 NUMA Support: Disabled
 Compressed Oops: Enabled (32-bit)
 Heap Region Size: 1M
 Heap Min Capacity: 8M
 Heap Initial Capacity: 92M
 Heap Max Capacity: 2G
 Pre-touch: Disabled
 Parallel Workers: 10
 Concurrent Workers: 3
 Concurrent Refinement Workers: 10
 Periodic GC: Disabled
Heap:
 garbage-first heap   total 92160K, used 55319K [0x0000000080000000, 0x0000000100000000)
  region size 1024K, 2 young (2048K), 2 survivors (2048K)
 Metaspace       used 44943K, committed 45504K, reserved 1114112K
  class space    used 6376K, committed 6656K, reserved 1048576K
GC Heap History (20 events):
Event: 9.434 GC heap after
{Heap after GC invocations=7 (full 0):
 garbage-first heap   total 81920K, used 26449K [0x0000000080000000, 0x0000000100000000)
  region size 1024K, 5 young (5120K), 5 survivors (5120K)
 Metaspace       used 28850K, committed 29248K, reserved 1114112K
  class space    used 4102K, committed 4288K, reserved 1048576K
}
Event: 9.924 GC heap before
{Heap before GC invocations=7 (full 0):
 garbage-first heap   total 81920K, used 59217K [0x0000000080000000, 0x0000000100000000)
  region size 1024K, 38 young (38912K), 5 survivors (5120K)
 Metaspace       used 31176K, committed 31552K, reserved 1114112K
  class space    used 4392K, committed 4608K, reserved 1048576K
}
Event: 9.929 GC heap after
{Heap after GC invocations=8 (full 0):
 garbage-first heap   total 81920K, used 28796K [0x0000000080000000, 0x0000000100000000)
  region size 1024K, 3 young (3072K), 3 survivors (3072K)
 Metaspace       used 31176K, committed 31552K, reserved 1114112K
  class space    used 4392K, committed 4608K, reserved 1048576K
}
Event: 10.715 GC heap before
{Heap before GC invocations=8 (full 0):
 garbage-first heap   total 81920K, used 62588K [0x0000000080000000, 0x0000000100000000)
  region size 1024K, 35 young (35840K), 3 survivors (3072K)
 Metaspace       used 34844K, committed 35328K, reserved 1114112K
  class space    used 4894K, committed 5120K, reserved 1048576K
}
Event: 10.718 GC heap after
{Heap after GC invocations=9 (full 0):
 garbage-first heap   total 81920K, used 30121K [0x0000000080000000, 0x0000000100000000)
  region size 1024K, 4 young (4096K), 4 survivors (4096K)
 Metaspace       used 34844K, committed 35328K, reserved 1114112K
  class space    used 4894K, committed 5120K, reserved 1048576K
}
Event: 10.862 GC heap before
{Heap before GC invocations=9 (full 0):
 garbage-first heap   total 81920K, used 37289K [0x0000000080000000, 0x0000000100000000)
  region size 1024K, 12 young (12288K), 4 survivors (4096K)
 Metaspace       used 35512K, committed 35968K, reserved 1114112K
  class space    used 5004K, committed 5248K, reserved 1048576K
}
Event: 10.865 GC heap after
{Heap after GC invocations=10 (full 0):
 garbage-first heap   total 81920K, used 30529K [0x0000000080000000, 0x0000000100000000)
  region size 1024K, 3 young (3072K), 3 survivors (3072K)
 Metaspace       used 35512K, committed 35968K, reserved 1114112K
  class space    used 5004K, committed 5248K, reserved 1048576K
}
Event: 12.052 GC heap before
{Heap before GC invocations=11 (full 0):
 garbage-first heap   total 81920K, used 63297K [0x0000000080000000, 0x0000000100000000)
  region size 1024K, 35 young (35840K), 3 survivors (3072K)
 Metaspace       used 39585K, committed 40064K, reserved 1114112K
  class space    used 5621K, committed 5824K, reserved 1048576K
}
Event: 12.056 GC heap after
{Heap after GC invocations=12 (full 0):
 garbage-first heap   total 81920K, used 32244K [0x0000000080000000, 0x0000000100000000)
  region size 1024K, 4 young (4096K), 4 survivors (4096K)
 Metaspace       used 39585K, committed 40064K, reserved 1114112K
  class space    used 5621K, committed 5824K, reserved 1048576K
}
Event: 13.283 GC heap before
{Heap before GC invocations=12 (full 0):
 garbage-first heap   total 81920K, used 65012K [0x0000000080000000, 0x0000000100000000)
  region size 1024K, 36 young (36864K), 4 survivors (4096K)
 Metaspace       used 43386K, committed 43904K, reserved 1114112K
  class space    used 6205K, committed 6464K, reserved 1048576K
}
Event: 13.286 GC heap after
{Heap after GC invocations=13 (full 0):
 garbage-first heap   total 81920K, used 33759K [0x0000000080000000, 0x0000000100000000)
  region size 1024K, 4 young (4096K), 4 survivors (4096K)
 Metaspace       used 43386K, committed 43904K, reserved 1114112K
  class space    used 6205K, committed 6464K, reserved 1048576K
}
Event: 14.954 GC heap before
{Heap before GC invocations=13 (full 0):
 garbage-first heap   total 81920K, used 64479K [0x0000000080000000, 0x0000000100000000)
  region size 1024K, 35 young (35840K), 4 survivors (4096K)
 Metaspace       used 44734K, committed 45248K, reserved 1114112K
  class space    used 6350K, committed 6592K, reserved 1048576K
}
Event: 14.958 GC heap after
{Heap after GC invocations=14 (full 0):
 garbage-first heap   total 81920K, used 37713K [0x0000000080000000, 0x0000000100000000)
  region size 1024K, 5 young (5120K), 5 survivors (5120K)
 Metaspace       used 44734K, committed 45248K, reserved 1114112K
  class space    used 6350K, committed 6592K, reserved 1048576K
}
Event: 15.333 GC heap before
{Heap before GC invocations=14 (full 0):
 garbage-first heap   total 81920K, used 46929K [0x0000000080000000, 0x0000000100000000)
  region size 1024K, 12 young (12288K), 5 survivors (5120K)
 Metaspace       used 44884K, committed 45440K, reserved 1114112K
  class space    used 6366K, committed 6656K, reserved 1048576K
}
Event: 15.337 GC heap after
{Heap after GC invocations=15 (full 0):
 garbage-first heap   total 81920K, used 44191K [0x0000000080000000, 0x0000000100000000)
  region size 1024K, 4 young (4096K), 4 survivors (4096K)
 Metaspace       used 44884K, committed 45440K, reserved 1114112K
  class space    used 6366K, committed 6656K, reserved 1048576K
}
Event: 15.386 GC heap before
{Heap before GC invocations=16 (full 0):
 garbage-first heap   total 81920K, used 46239K [0x0000000080000000, 0x0000000100000000)
  region size 1024K, 5 young (5120K), 4 survivors (4096K)
 Metaspace       used 44889K, committed 45504K, reserved 1114112K
  class space    used 6368K, committed 6656K, reserved 1048576K
}
Event: 15.388 GC heap after
{Heap after GC invocations=17 (full 0):
 garbage-first heap   total 81920K, used 46071K [0x0000000080000000, 0x0000000100000000)
  region size 1024K, 1 young (1024K), 1 survivors (1024K)
 Metaspace       used 44889K, committed 45504K, reserved 1114112K
  class space    used 6368K, committed 6656K, reserved 1048576K
}
Event: 15.583 GC heap before
{Heap before GC invocations=18 (full 0):
 garbage-first heap   total 83968K, used 50167K [0x0000000080000000, 0x0000000100000000)
  region size 1024K, 5 young (5120K), 1 survivors (1024K)
 Metaspace       used 44943K, committed 45504K, reserved 1114112K
  class space    used 6376K, committed 6656K, reserved 1048576K
}
Event: 15.585 GC heap after
{Heap after GC invocations=19 (full 0):
 garbage-first heap   total 83968K, used 49421K [0x0000000080000000, 0x0000000100000000)
  region size 1024K, 2 young (2048K), 2 survivors (2048K)
 Metaspace       used 44943K, committed 45504K, reserved 1114112K
  class space    used 6376K, committed 6656K, reserved 1048576K
}
Event: 17.167 GC heap before
{Heap before GC invocations=20 (full 0):
 garbage-first heap   total 92160K, used 53517K [0x0000000080000000, 0x0000000100000000)
  region size 1024K, 4 young (4096K), 2 survivors (2048K)
 Metaspace       used 44943K, committed 45504K, reserved 1114112K
  class space    used 6376K, committed 6656K, reserved 1048576K
}

