# JRE version: OpenJDK Runtime Environment (17.0.11) (build 17.0.11+0--11852314)
# Java VM: OpenJDK 64-Bit Server VM (17.0.11+0--11852314, mixed mode, tiered, compressed oops, compressed class ptrs, g1 gc, windows-amd64)
GC Precious Log:
 CPUs: 12 total, 12 available
 Memory: 5828M
 Large Page Support: Disabled
 NUMA Support: Disabled
 Compressed Oops: Enabled (32-bit)
 Heap Region Size: 1M
 Heap Min Capacity: 8M
 Heap Initial Capacity: 92M
 Heap Max Capacity: 2G
 Pre-touch: Disabled
 Parallel Workers: 10
 Concurrent Workers: 3
 Concurrent Refinement Workers: 10
 Periodic GC: Disabled
Heap:
 garbage-first heap   total 296960K, used 172894K [0x0000000080000000, 0x0000000100000000)
  region size 1024K, 21 young (21504K), 2 survivors (2048K)
 Metaspace       used 130671K, committed 131776K, reserved 1179648K
  class space    used 18298K, committed 18816K, reserved 1048576K
GC Heap History (20 events):
Event: 25.262 GC heap before
{Heap before GC invocations=53 (full 0):
 garbage-first heap   total 193536K, used 138565K [0x0000000080000000, 0x0000000100000000)
  region size 1024K, 5 young (5120K), 2 survivors (2048K)
 Metaspace       used 111122K, committed 112000K, reserved 1179648K
  class space    used 15409K, committed 15872K, reserved 1048576K
}
Event: 25.269 GC heap after
{Heap after GC invocations=54 (full 0):
 garbage-first heap   total 193536K, used 137374K [0x0000000080000000, 0x0000000100000000)
  region size 1024K, 2 young (2048K), 2 survivors (2048K)
 Metaspace       used 111122K, committed 112000K, reserved 1179648K
  class space    used 15409K, committed 15872K, reserved 1048576K
}
Event: 25.731 GC heap before
{Heap before GC invocations=55 (full 0):
 garbage-first heap   total 240640K, used 160926K [0x0000000080000000, 0x0000000100000000)
  region size 1024K, 26 young (26624K), 2 survivors (2048K)
 Metaspace       used 114076K, committed 115072K, reserved 1179648K
  class space    used 15891K, committed 16384K, reserved 1048576K
}
Event: 25.735 GC heap after
{Heap after GC invocations=56 (full 0):
 garbage-first heap   total 240640K, used 137916K [0x0000000080000000, 0x0000000100000000)
  region size 1024K, 2 young (2048K), 2 survivors (2048K)
 Metaspace       used 114076K, committed 115072K, reserved 1179648K
  class space    used 15891K, committed 16384K, reserved 1048576K
}
Event: 25.814 GC heap before
{Heap before GC invocations=56 (full 0):
 garbage-first heap   total 240640K, used 146108K [0x0000000080000000, 0x0000000100000000)
  region size 1024K, 11 young (11264K), 2 survivors (2048K)
 Metaspace       used 115204K, committed 116160K, reserved 1179648K
  class space    used 16036K, committed 16512K, reserved 1048576K
}
Event: 25.820 GC heap after
{Heap after GC invocations=57 (full 0):
 garbage-first heap   total 240640K, used 133344K [0x0000000080000000, 0x0000000100000000)
  region size 1024K, 1 young (1024K), 1 survivors (1024K)
 Metaspace       used 115204K, committed 116160K, reserved 1179648K
  class space    used 16036K, committed 16512K, reserved 1048576K
}
Event: 26.550 GC heap before
{Heap before GC invocations=57 (full 0):
 garbage-first heap   total 240640K, used 199904K [0x0000000080000000, 0x0000000100000000)
  region size 1024K, 67 young (68608K), 1 survivors (1024K)
 Metaspace       used 123497K, committed 124416K, reserved 1179648K
  class space    used 17394K, committed 17856K, reserved 1048576K
}
Event: 26.556 GC heap after
{Heap after GC invocations=58 (full 0):
 garbage-first heap   total 288768K, used 134889K [0x0000000080000000, 0x0000000100000000)
  region size 1024K, 3 young (3072K), 3 survivors (3072K)
 Metaspace       used 123497K, committed 124416K, reserved 1179648K
  class space    used 17394K, committed 17856K, reserved 1048576K
}
Event: 683.855 GC heap before
{Heap before GC invocations=59 (full 0):
 garbage-first heap   total 288768K, used 264937K [0x0000000080000000, 0x0000000100000000)
  region size 1024K, 109 young (111616K), 3 survivors (3072K)
 Metaspace       used 128724K, committed 129664K, reserved 1179648K
  class space    used 18168K, committed 18624K, reserved 1048576K
}
Event: 684.190 GC heap after
{Heap after GC invocations=60 (full 0):
 garbage-first heap   total 288768K, used 140099K [0x0000000080000000, 0x0000000100000000)
  region size 1024K, 8 young (8192K), 8 survivors (8192K)
 Metaspace       used 128724K, committed 129664K, reserved 1179648K
  class space    used 18168K, committed 18624K, reserved 1048576K
}
Event: 684.889 GC heap before
{Heap before GC invocations=60 (full 0):
 garbage-first heap   total 288768K, used 146243K [0x0000000080000000, 0x0000000100000000)
  region size 1024K, 14 young (14336K), 8 survivors (8192K)
 Metaspace       used 128754K, committed 129728K, reserved 1179648K
  class space    used 18168K, committed 18624K, reserved 1048576K
}
Event: 685.061 GC heap after
{Heap after GC invocations=61 (full 0):
 garbage-first heap   total 288768K, used 139491K [0x0000000080000000, 0x0000000100000000)
  region size 1024K, 2 young (2048K), 2 survivors (2048K)
 Metaspace       used 128754K, committed 129728K, reserved 1179648K
  class space    used 18168K, committed 18624K, reserved 1048576K
}
Event: 705.353 GC heap before
{Heap before GC invocations=61 (full 0):
 garbage-first heap   total 288768K, used 234723K [0x0000000080000000, 0x0000000100000000)
  region size 1024K, 96 young (98304K), 2 survivors (2048K)
 Metaspace       used 129582K, committed 130560K, reserved 1179648K
  class space    used 18196K, committed 18688K, reserved 1048576K
}
Event: 705.397 GC heap after
{Heap after GC invocations=62 (full 0):
 garbage-first heap   total 288768K, used 147666K [0x0000000080000000, 0x0000000100000000)
  region size 1024K, 10 young (10240K), 10 survivors (10240K)
 Metaspace       used 129582K, committed 130560K, reserved 1179648K
  class space    used 18196K, committed 18688K, reserved 1048576K
}
Event: 825.093 GC heap before
{Heap before GC invocations=62 (full 0):
 garbage-first heap   total 288768K, used 233682K [0x0000000080000000, 0x0000000100000000)
  region size 1024K, 95 young (97280K), 10 survivors (10240K)
 Metaspace       used 130275K, committed 131264K, reserved 1179648K
  class space    used 18271K, committed 18752K, reserved 1048576K
}
Event: 825.157 GC heap after
{Heap after GC invocations=63 (full 0):
 garbage-first heap   total 288768K, used 156880K [0x0000000080000000, 0x0000000100000000)
  region size 1024K, 10 young (10240K), 10 survivors (10240K)
 Metaspace       used 130275K, committed 131264K, reserved 1179648K
  class space    used 18271K, committed 18752K, reserved 1048576K
}
Event: 866.781 GC heap before
{Heap before GC invocations=64 (full 0):
 garbage-first heap   total 296960K, used 234704K [0x0000000080000000, 0x0000000100000000)
  region size 1024K, 87 young (89088K), 10 survivors (10240K)
 Metaspace       used 130577K, committed 131712K, reserved 1179648K
  class space    used 18294K, committed 18816K, reserved 1048576K
}
Event: 866.933 GC heap after
{Heap after GC invocations=65 (full 0):
 garbage-first heap   total 296960K, used 162116K [0x0000000080000000, 0x0000000100000000)
  region size 1024K, 7 young (7168K), 7 survivors (7168K)
 Metaspace       used 130577K, committed 131712K, reserved 1179648K
  class space    used 18294K, committed 18816K, reserved 1048576K
}
Event: 867.050 GC heap before
{Heap before GC invocations=65 (full 0):
 garbage-first heap   total 296960K, used 168260K [0x0000000080000000, 0x0000000100000000)
  region size 1024K, 14 young (14336K), 7 survivors (7168K)
 Metaspace       used 130582K, committed 131712K, reserved 1179648K
  class space    used 18294K, committed 18816K, reserved 1048576K
}
Event: 867.340 GC heap after
{Heap after GC invocations=66 (full 0):
 garbage-first heap   total 296960K, used 154462K [0x0000000080000000, 0x0000000100000000)
  region size 1024K, 2 young (2048K), 2 survivors (2048K)
 Metaspace       used 130582K, committed 131712K, reserved 1179648K
  class space    used 18294K, committed 18816K, reserved 1048576K
}

